#
# There is insufficient memory for the Java Runtime Environment to continue.
# Native memory allocation (malloc) failed to allocate 32744 bytes for ChunkPool::allocate
# Possible reasons:
#   The system is out of physical RAM or swap space
#   In 32 bit mode, the process size limit was hit
# Possible solutions:
#   Reduce memory load on the system
#   Increase physical memory or swap space
#   Check if swap backing store is full
#   Use 64 bit Java on a 64 bit OS
#   Decrease Java heap size (-Xmx/-Xms)
#   Decrease number of Java threads
#   Decrease Java thread stack sizes (-Xss)
#   Set larger code cache with -XX:ReservedCodeCacheSize=
# This output file may be truncated or incomplete.
#
#  Out of Memory Error (allocation.cpp:273), pid=15416, tid=0x0000000000000aa0
#
# JRE version: Java(TM) SE Runtime Environment (8.0_181-b13) (build 1.8.0_181-b13)
# Java VM: Java HotSpot(TM) 64-Bit Server VM (25.181-b13 mixed mode windows-amd64 compressed oops)
# Failed to write core dump. Minidumps are not enabled by default on client versions of Windows
#

---------------  T H R E A D  ---------------

Current thread (0x0000000014a98800):  JavaThread "C2 CompilerThread0" daemon [_thread_in_native, id=2720, stack(0x0000000016100000,0x0000000016200000)]

Stack: [0x0000000016100000,0x0000000016200000]
[error occurred during error reporting (printing stack bounds), id 0xc0000005]

Native frames: (J=compiled Java code, j=interpreted, Vv=VM code, C=native code)


Current CompileTask:
C2:  47534 3404       4       com.google.gwt.dev.jjs.impl.DeadCodeElimination$DeadCodeVisitor::endVisit (560 bytes)


---------------  P R O C E S S  ---------------

Java Threads: ( => current thread )
  0x0000000016426800 JavaThread "Service Thread" daemon [_thread_blocked, id=25904, stack(0x0000000016800000,0x0000000016900000)]
  0x0000000014ac4800 JavaThread "C1 CompilerThread2" daemon [_thread_blocked, id=16996, stack(0x0000000016300000,0x0000000016400000)]
  0x0000000014a9b000 JavaThread "C2 CompilerThread1" daemon [_thread_in_native, id=9248, stack(0x0000000016200000,0x0000000016300000)]
=>0x0000000014a98800 JavaThread "C2 CompilerThread0" daemon [_thread_in_native, id=2720, stack(0x0000000016100000,0x0000000016200000)]
  0x0000000014a93800 JavaThread "Attach Listener" daemon [_thread_blocked, id=26204, stack(0x0000000016000000,0x0000000016100000)]
  0x0000000014a92800 JavaThread "Signal Dispatcher" daemon [_thread_blocked, id=28692, stack(0x0000000015f00000,0x0000000016000000)]
  0x00000000023b9800 JavaThread "Finalizer" daemon [_thread_blocked, id=24436, stack(0x0000000015d00000,0x0000000015e00000)]
  0x00000000023b6000 JavaThread "Reference Handler" daemon [_thread_blocked, id=10548, stack(0x0000000015c00000,0x0000000015d00000)]
  0x00000000022c6000 JavaThread "main" [_thread_in_Java, id=27476, stack(0x00000000021c0000,0x00000000022c0000)]

Other Threads:
  0x0000000014a57000 VMThread [stack: 0x0000000015b00000,0x0000000015c00000] [id=14040]
  0x0000000016427800 WatcherThread [stack: 0x0000000016900000,0x0000000016a00000] [id=5560]

VM state:not at safepoint (normal execution)

VM Mutex/Monitor currently owned by a thread: None

Heap:
 PSYoungGen      total 141312K, used 93841K [0x00000000eab00000, 0x00000000f6f00000, 0x0000000100000000)
  eden space 116736K, 79% used [0x00000000eab00000,0x00000000f062c4a0,0x00000000f1d00000)
  from space 24576K, 1% used [0x00000000f5700000,0x00000000f5778000,0x00000000f6f00000)
  to   space 23040K, 0% used [0x00000000f1d00000,0x00000000f1d00000,0x00000000f3380000)
 ParOldGen       total 105472K, used 35812K [0x00000000c0000000, 0x00000000c6700000, 0x00000000eab00000)
  object space 105472K, 33% used [0x00000000c0000000,0x00000000c22f91f0,0x00000000c6700000)
 Metaspace       used 11329K, capacity 11926K, committed 12032K, reserved 1060864K
  class space    used 1368K, capacity 1523K, committed 1536K, reserved 1048576K

Card table byte_map: [0x0000000011780000,0x0000000011990000] byte_map_base: 0x0000000011180000

Marking Bits: (ParMarkBitMap*) 0x0000000057282d00
 Begin Bits: [0x0000000011ef0000, 0x0000000012ef0000)
 End Bits:   [0x0000000012ef0000, 0x0000000013ef0000)

Polling page: 0x0000000000aa0000

CodeCache: size=245760Kb used=8978Kb max_used=10387Kb free=236781Kb
 bounds [0x00000000023c0000, 0x0000000002e00000, 0x00000000113c0000]
 total_blobs=3170 nmethods=2855 adapters=226
 compilation: enabled

Compilation events (10 events):
Event: 47.463 Thread 0x0000000014ac4800 3410       3       com.google.gwt.dev.jjs.impl.MethodInliner$InliningVisitor::endVisit (55 bytes)
Event: 47.463 Thread 0x0000000014ac4800 nmethod 3410 0x000000000261a090 code [0x000000000261a240, 0x000000000261a738]
Event: 47.494 Thread 0x0000000014ac4800 3413       3       com.google.gwt.dev.jjs.impl.MethodInliner$InliningVisitor::tryInlineMethodCall (161 bytes)
Event: 47.497 Thread 0x0000000014ac4800 nmethod 3413 0x000000000289e390 code [0x000000000289e680, 0x000000000289fe68]
Event: 47.497 Thread 0x0000000014ac4800 3414       2       com.google.gwt.dev.jjs.impl.MethodInliner$OrderVisitor::checkResults (49 bytes)
Event: 47.497 Thread 0x0000000014ac4800 nmethod 3414 0x00000000027846d0 code [0x0000000002784840, 0x0000000002784a48]
Event: 47.497 Thread 0x0000000014ac4800 3416       2       com.google.gwt.dev.util.collect.Stack::contains (9 bytes)
Event: 47.497 Thread 0x0000000014ac4800 nmethod 3416 0x00000000027d2150 code [0x00000000027d22c0, 0x00000000027d2448]
Event: 47.497 Thread 0x0000000014ac4800 3415       3       com.google.gwt.dev.jjs.impl.CloneExpressionVisitor::visit (29 bytes)
Event: 47.498 Thread 0x0000000014ac4800 nmethod 3415 0x0000000002951e50 code [0x0000000002951fe0, 0x00000000029525f8]

GC Heap History (10 events):
Event: 31.366 GC heap before
{Heap before GC invocations=5 (full 0):
 PSYoungGen      total 68608K, used 68608K [0x00000000eab00000, 0x00000000ef300000, 0x0000000100000000)
  eden space 63488K, 100% used [0x00000000eab00000,0x00000000ee900000,0x00000000ee900000)
  from space 5120K, 100% used [0x00000000eee00000,0x00000000ef300000,0x00000000ef300000)
  to   space 5120K, 0% used [0x00000000ee900000,0x00000000ee900000,0x00000000eee00000)
 ParOldGen       total 84992K, used 55651K [0x00000000c0000000, 0x00000000c5300000, 0x00000000eab00000)
  object space 84992K, 65% used [0x00000000c0000000,0x00000000c3658d58,0x00000000c5300000)
 Metaspace       used 10455K, capacity 11094K, committed 11264K, reserved 1058816K
  class space    used 1279K, capacity 1459K, committed 1536K, reserved 1048576K
Event: 31.511 GC heap after
Heap after GC invocations=5 (full 0):
 PSYoungGen      total 68608K, used 5120K [0x00000000eab00000, 0x00000000f5700000, 0x0000000100000000)
  eden space 63488K, 0% used [0x00000000eab00000,0x00000000eab00000,0x00000000ee900000)
  from space 5120K, 100% used [0x00000000ee900000,0x00000000eee00000,0x00000000eee00000)
  to   space 24576K, 0% used [0x00000000f3f00000,0x00000000f3f00000,0x00000000f5700000)
 ParOldGen       total 84992K, used 68852K [0x00000000c0000000, 0x00000000c5300000, 0x00000000eab00000)
  object space 84992K, 81% used [0x00000000c0000000,0x00000000c433d1e8,0x00000000c5300000)
 Metaspace       used 10455K, capacity 11094K, committed 11264K, reserved 1058816K
  class space    used 1279K, capacity 1459K, committed 1536K, reserved 1048576K
}
Event: 31.512 GC heap before
{Heap before GC invocations=6 (full 1):
 PSYoungGen      total 68608K, used 5120K [0x00000000eab00000, 0x00000000f5700000, 0x0000000100000000)
  eden space 63488K, 0% used [0x00000000eab00000,0x00000000eab00000,0x00000000ee900000)
  from space 5120K, 100% used [0x00000000ee900000,0x00000000eee00000,0x00000000eee00000)
  to   space 24576K, 0% used [0x00000000f3f00000,0x00000000f3f00000,0x00000000f5700000)
 ParOldGen       total 84992K, used 68852K [0x00000000c0000000, 0x00000000c5300000, 0x00000000eab00000)
  object space 84992K, 81% used [0x00000000c0000000,0x00000000c433d1e8,0x00000000c5300000)
 Metaspace       used 10455K, capacity 11094K, committed 11264K, reserved 1058816K
  class space    used 1279K, capacity 1459K, committed 1536K, reserved 1048576K
Event: 33.024 GC heap after
Heap after GC invocations=6 (full 1):
 PSYoungGen      total 68608K, used 0K [0x00000000eab00000, 0x00000000f5700000, 0x0000000100000000)
  eden space 63488K, 0% used [0x00000000eab00000,0x00000000eab00000,0x00000000ee900000)
  from space 5120K, 0% used [0x00000000ee900000,0x00000000ee900000,0x00000000eee00000)
  to   space 24576K, 0% used [0x00000000f3f00000,0x00000000f3f00000,0x00000000f5700000)
 ParOldGen       total 105472K, used 35812K [0x00000000c0000000, 0x00000000c6700000, 0x00000000eab00000)
  object space 105472K, 33% used [0x00000000c0000000,0x00000000c22f91f0,0x00000000c6700000)
 Metaspace       used 10455K, capacity 11094K, committed 11264K, reserved 1058816K
  class space    used 1279K, capacity 1459K, committed 1536K, reserved 1048576K
}
Event: 37.097 GC heap before
{Heap before GC invocations=7 (full 1):
 PSYoungGen      total 68608K, used 63488K [0x00000000eab00000, 0x00000000f5700000, 0x0000000100000000)
  eden space 63488K, 100% used [0x00000000eab00000,0x00000000ee900000,0x00000000ee900000)
  from space 5120K, 0% used [0x00000000ee900000,0x00000000ee900000,0x00000000eee00000)
  to   space 24576K, 0% used [0x00000000f3f00000,0x00000000f3f00000,0x00000000f5700000)
 ParOldGen       total 105472K, used 35812K [0x00000000c0000000, 0x00000000c6700000, 0x00000000eab00000)
  object space 105472K, 33% used [0x00000000c0000000,0x00000000c22f91f0,0x00000000c6700000)
 Metaspace       used 10793K, capacity 11446K, committed 11520K, reserved 1058816K
  class space    used 1319K, capacity 1491K, committed 1536K, reserved 1048576K
Event: 37.306 GC heap after
Heap after GC invocations=7 (full 1):
 PSYoungGen      total 111616K, used 10802K [0x00000000eab00000, 0x00000000f4a00000, 0x0000000100000000)
  eden space 100352K, 0% used [0x00000000eab00000,0x00000000eab00000,0x00000000f0d00000)
  from space 11264K, 95% used [0x00000000f3f00000,0x00000000f498c950,0x00000000f4a00000)
  to   space 23040K, 0% used [0x00000000f1d00000,0x00000000f1d00000,0x00000000f3380000)
 ParOldGen       total 105472K, used 35812K [0x00000000c0000000, 0x00000000c6700000, 0x00000000eab00000)
  object space 105472K, 33% used [0x00000000c0000000,0x00000000c22f91f0,0x00000000c6700000)
 Metaspace       used 10793K, capacity 11446K, committed 11520K, reserved 1058816K
  class space    used 1319K, capacity 1491K, committed 1536K, reserved 1048576K
}
Event: 43.227 GC heap before
{Heap before GC invocations=8 (full 1):
 PSYoungGen      total 111616K, used 111154K [0x00000000eab00000, 0x00000000f4a00000, 0x0000000100000000)
  eden space 100352K, 100% used [0x00000000eab00000,0x00000000f0d00000,0x00000000f0d00000)
  from space 11264K, 95% used [0x00000000f3f00000,0x00000000f498c950,0x00000000f4a00000)
  to   space 23040K, 0% used [0x00000000f1d00000,0x00000000f1d00000,0x00000000f3380000)
 ParOldGen       total 105472K, used 35812K [0x00000000c0000000, 0x00000000c6700000, 0x00000000eab00000)
  object space 105472K, 33% used [0x00000000c0000000,0x00000000c22f91f0,0x00000000c6700000)
 Metaspace       used 11305K, capacity 11926K, committed 12032K, reserved 1060864K
  class space    used 1368K, capacity 1523K, committed 1536K, reserved 1048576K
Event: 43.239 GC heap after
Heap after GC invocations=8 (full 1):
 PSYoungGen      total 139776K, used 765K [0x00000000eab00000, 0x00000000f6f00000, 0x0000000100000000)
  eden space 116736K, 0% used [0x00000000eab00000,0x00000000eab00000,0x00000000f1d00000)
  from space 23040K, 3% used [0x00000000f1d00000,0x00000000f1dbf730,0x00000000f3380000)
  to   space 24576K, 0% used [0x00000000f5700000,0x00000000f5700000,0x00000000f6f00000)
 ParOldGen       total 105472K, used 35812K [0x00000000c0000000, 0x00000000c6700000, 0x00000000eab00000)
  object space 105472K, 33% used [0x00000000c0000000,0x00000000c22f91f0,0x00000000c6700000)
 Metaspace       used 11305K, capacity 11926K, committed 12032K, reserved 1060864K
  class space    used 1368K, capacity 1523K, committed 1536K, reserved 1048576K
}
Event: 45.717 GC heap before
{Heap before GC invocations=9 (full 1):
 PSYoungGen      total 139776K, used 117501K [0x00000000eab00000, 0x00000000f6f00000, 0x0000000100000000)
  eden space 116736K, 100% used [0x00000000eab00000,0x00000000f1d00000,0x00000000f1d00000)
  from space 23040K, 3% used [0x00000000f1d00000,0x00000000f1dbf730,0x00000000f3380000)
  to   space 24576K, 0% used [0x00000000f5700000,0x00000000f5700000,0x00000000f6f00000)
 ParOldGen       total 105472K, used 35812K [0x00000000c0000000, 0x00000000c6700000, 0x00000000eab00000)
  object space 105472K, 33% used [0x00000000c0000000,0x00000000c22f91f0,0x00000000c6700000)
 Metaspace       used 11324K, capacity 11926K, committed 12032K, reserved 1060864K
  class space    used 1368K, capacity 1523K, committed 1536K, reserved 1048576K
Event: 45.741 GC heap after
Heap after GC invocations=9 (full 1):
 PSYoungGen      total 141312K, used 480K [0x00000000eab00000, 0x00000000f6f00000, 0x0000000100000000)
  eden space 116736K, 0% used [0x00000000eab00000,0x00000000eab00000,0x00000000f1d00000)
  from space 24576K, 1% used [0x00000000f5700000,0x00000000f5778000,0x00000000f6f00000)
  to   space 23040K, 0% used [0x00000000f1d00000,0x00000000f1d00000,0x00000000f3380000)
 ParOldGen       total 105472K, used 35812K [0x00000000c0000000, 0x00000000c6700000, 0x00000000eab00000)
  object space 105472K, 33% used [0x00000000c0000000,0x00000000c22f91f0,0x00000000c6700000)
 Metaspace       used 11324K, capacity 11926K, committed 12032K, reserved 1060864K
  class space    used 1368K, capacity 1523K, committed 1536K, reserved 1048576K
}

Deoptimization events (10 events):
Event: 45.754 Thread 0x00000000022c6000 Uncommon trap: reason=class_check action=maybe_recompile pc=0x0000000002b16914 method=com.google.gwt.dev.jjs.impl.ControlFlowAnalyzer$RescueVisitor.rescueArgumentsIfParametersCanBeRead(Lcom/google/gwt/dev/jjs/ast/JMethodCall;Lcom/google/gwt/dev/jjs/ast/JM
Event: 46.078 Thread 0x00000000022c6000 Uncommon trap: reason=unstable_if action=reinterpret pc=0x0000000002a7f2c8 method=com.google.gwt.dev.jjs.impl.Pruner$PruneVisitor.visit(Lcom/google/gwt/dev/jjs/ast/JClassType;Lcom/google/gwt/dev/jjs/ast/Context;)Z @ 68
Event: 46.105 Thread 0x00000000022c6000 Uncommon trap: reason=unstable_if action=reinterpret pc=0x0000000002aae55c method=com.google.gwt.dev.jjs.impl.Pruner$CleanupRefsVisitor.endVisit(Lcom/google/gwt/dev/jjs/ast/JNewInstance;Lcom/google/gwt/dev/jjs/ast/Context;)V @ 13
Event: 47.308 Thread 0x00000000022c6000 Uncommon trap: reason=unstable_if action=reinterpret pc=0x0000000002601464 method=com.google.gwt.dev.jjs.impl.DeadCodeElimination$DeadCodeVisitor.endVisit(Lcom/google/gwt/dev/jjs/ast/JBinaryOperation;Lcom/google/gwt/dev/jjs/ast/Context;)V @ 274
Event: 47.338 Thread 0x00000000022c6000 Uncommon trap: reason=unstable_if action=reinterpret pc=0x0000000002c9ff38 method=com.google.gwt.dev.jjs.impl.DeadCodeElimination$DeadCodeVisitor.endVisit(Lcom/google/gwt/dev/jjs/ast/JNewInstance;Lcom/google/gwt/dev/jjs/ast/Context;)V @ 26
Event: 47.462 Thread 0x00000000022c6000 Uncommon trap: reason=unstable_if action=reinterpret pc=0x0000000002d237f4 method=com.google.gwt.dev.jjs.impl.MethodInliner$InliningVisitor.tryInlineMethodCall(Lcom/google/gwt/dev/jjs/ast/JMethodCall;Lcom/google/gwt/dev/jjs/ast/Context;)Lcom/google/gwt/de
Event: 47.462 Thread 0x00000000022c6000 Uncommon trap: reason=class_check action=maybe_recompile pc=0x0000000002cef5fc method=com.google.gwt.dev.jjs.impl.MethodInliner$OrderVisitor.checkResults()Lcom/google/gwt/dev/jjs/impl/MethodInliner$SideEffectCheck; @ 15
Event: 47.462 Thread 0x00000000022c6000 Uncommon trap: reason=class_check action=maybe_recompile pc=0x0000000002cef5fc method=com.google.gwt.dev.jjs.impl.MethodInliner$OrderVisitor.checkResults()Lcom/google/gwt/dev/jjs/impl/MethodInliner$SideEffectCheck; @ 15
Event: 47.493 Thread 0x00000000022c6000 Uncommon trap: reason=unstable_if action=reinterpret pc=0x0000000002d1a194 method=com.google.gwt.dev.jjs.impl.MethodInliner$InliningVisitor.tryInlineMethodCall(Lcom/google/gwt/dev/jjs/ast/JMethodCall;Lcom/google/gwt/dev/jjs/ast/Context;)Lcom/google/gwt/de
Event: 47.493 Thread 0x00000000022c6000 Uncommon trap: reason=class_check action=maybe_recompile pc=0x0000000002cef5fc method=com.google.gwt.dev.jjs.impl.MethodInliner$OrderVisitor.checkResults()Lcom/google/gwt/dev/jjs/impl/MethodInliner$SideEffectCheck; @ 15

Classes redefined (0 events):
No events

Internal exceptions (10 events):
Event: 24.575 Thread 0x00000000022c6000 Exception <a 'java/lang/NoSuchMethodError': <clinit>> (0x00000000ec9f3fd0) thrown at [C:\re\workspace\8-2-build-windows-amd64-cygwin\jdk8u181\11358\hotspot\src\share\vm\prims\jni.cpp, line 1613]
Event: 24.705 Thread 0x00000000022c6000 Exception <a 'java/lang/NoSuchMethodError': <clinit>> (0x00000000eca443d0) thrown at [C:\re\workspace\8-2-build-windows-amd64-cygwin\jdk8u181\11358\hotspot\src\share\vm\prims\jni.cpp, line 1613]
Event: 24.728 Thread 0x00000000022c6000 Exception <a 'java/lang/NoSuchMethodError': <clinit>> (0x00000000eca5e758) thrown at [C:\re\workspace\8-2-build-windows-amd64-cygwin\jdk8u181\11358\hotspot\src\share\vm\prims\jni.cpp, line 1613]
Event: 27.981 Thread 0x00000000022c6000 Implicit null exception at 0x000000000290f53a to 0x000000000290f871
Event: 29.024 Thread 0x00000000022c6000 Implicit null exception at 0x0000000002a1b2fe to 0x0000000002a1b59d
Event: 29.024 Thread 0x00000000022c6000 Implicit null exception at 0x0000000002a0fcc4 to 0x0000000002a0ff49
Event: 33.768 Thread 0x00000000022c6000 Implicit null exception at 0x00000000029ee12a to 0x00000000029ee8c1
Event: 41.596 Thread 0x00000000022c6000 Implicit null exception at 0x0000000002ae3990 to 0x0000000002ae39c9
Event: 42.606 Thread 0x00000000022c6000 Implicit null exception at 0x0000000002a7cbec to 0x0000000002a7cca1
Event: 46.078 Thread 0x00000000022c6000 Implicit null exception at 0x0000000002a7ef84 to 0x0000000002a7f2ac

Events (10 events):
Event: 47.462 Thread 0x00000000022c6000 DEOPT UNPACKING pc=0x000000000240583b sp=0x00000000022be608 mode 2
Event: 47.462 Thread 0x00000000022c6000 Uncommon trap: trap_request=0xffffffde fr.pc=0x0000000002cef5fc
Event: 47.462 Thread 0x00000000022c6000 DEOPT PACKING pc=0x0000000002cef5fc sp=0x00000000022be670
Event: 47.462 Thread 0x00000000022c6000 DEOPT UNPACKING pc=0x000000000240583b sp=0x00000000022be608 mode 2
Event: 47.493 Thread 0x00000000022c6000 Uncommon trap: trap_request=0xffffff65 fr.pc=0x0000000002d1a194
Event: 47.493 Thread 0x00000000022c6000 DEOPT PACKING pc=0x0000000002d1a194 sp=0x00000000022be780
Event: 47.493 Thread 0x00000000022c6000 DEOPT UNPACKING pc=0x000000000240583b sp=0x00000000022be7a0 mode 2
Event: 47.493 Thread 0x00000000022c6000 Uncommon trap: trap_request=0xffffffde fr.pc=0x0000000002cef5fc
Event: 47.493 Thread 0x00000000022c6000 DEOPT PACKING pc=0x0000000002cef5fc sp=0x00000000022be670
Event: 47.493 Thread 0x00000000022c6000 DEOPT UNPACKING pc=0x000000000240583b sp=0x00000000022be608 mode 2


Dynamic libraries:
0x00007ff78f870000 - 0x00007ff78f8a7000 	C:\Program Files\Java\jdk1.8.0_181\jre\bin\java.exe
0x00007ffbde390000 - 0x00007ffbde585000 	C:\WINDOWS\SYSTEM32\ntdll.dll
0x00007ffbdd690000 - 0x00007ffbdd74e000 	C:\WINDOWS\System32\KERNEL32.DLL
0x00007ffbdc110000 - 0x00007ffbdc3d8000 	C:\WINDOWS\System32\KERNELBASE.dll
0x00007ffbdcbb0000 - 0x00007ffbdcc5c000 	C:\WINDOWS\System32\ADVAPI32.dll
0x00007ffbddac0000 - 0x00007ffbddb5e000 	C:\WINDOWS\System32\msvcrt.dll
0x00007ffbdda10000 - 0x00007ffbddaab000 	C:\WINDOWS\System32\sechost.dll
0x00007ffbddf70000 - 0x00007ffbde09a000 	C:\WINDOWS\System32\RPCRT4.dll
0x00007ffbdc3e0000 - 0x00007ffbdc581000 	C:\WINDOWS\System32\USER32.dll
0x00007ffbdbab0000 - 0x00007ffbdbad2000 	C:\WINDOWS\System32\win32u.dll
0x00007ffbdd910000 - 0x00007ffbdd93b000 	C:\WINDOWS\System32\GDI32.dll
0x00007ffbdbed0000 - 0x00007ffbdbfdb000 	C:\WINDOWS\System32\gdi32full.dll
0x00007ffbdc070000 - 0x00007ffbdc10d000 	C:\WINDOWS\System32\msvcp_win.dll
0x00007ffbdbdd0000 - 0x00007ffbdbed0000 	C:\WINDOWS\System32\ucrtbase.dll
0x00007ffbc93b0000 - 0x00007ffbc964a000 	C:\WINDOWS\WinSxS\amd64_microsoft.windows.common-controls_6595b64144ccf1df_6.0.19041.1110_none_60b5254171f9507e\COMCTL32.dll
0x00007ffbdd5a0000 - 0x00007ffbdd5d0000 	C:\WINDOWS\System32\IMM32.DLL
0x0000000057310000 - 0x00000000573e2000 	C:\Program Files\Java\jdk1.8.0_181\jre\bin\msvcr100.dll
0x0000000056a60000 - 0x0000000057302000 	C:\Program Files\Java\jdk1.8.0_181\jre\bin\server\jvm.dll
0x00007ffbddab0000 - 0x00007ffbddab8000 	C:\WINDOWS\System32\PSAPI.DLL
0x00007ffbc9be0000 - 0x00007ffbc9be9000 	C:\WINDOWS\SYSTEM32\WSOCK32.dll
0x00007ffbde2e0000 - 0x00007ffbde34b000 	C:\WINDOWS\System32\WS2_32.dll
0x00007ffbc7170000 - 0x00007ffbc7197000 	C:\WINDOWS\SYSTEM32\WINMM.dll
0x00007ffbc6dd0000 - 0x00007ffbc6dda000 	C:\WINDOWS\SYSTEM32\VERSION.dll
0x00000000575f0000 - 0x00000000575ff000 	C:\Program Files\Java\jdk1.8.0_181\jre\bin\verify.dll
0x0000000057470000 - 0x0000000057499000 	C:\Program Files\Java\jdk1.8.0_181\jre\bin\java.dll
0x0000000057450000 - 0x0000000057466000 	C:\Program Files\Java\jdk1.8.0_181\jre\bin\zip.dll
0x00007ffbdcc60000 - 0x00007ffbdd39f000 	C:\WINDOWS\System32\SHELL32.dll
0x00007ffbd9b70000 - 0x00007ffbda300000 	C:\WINDOWS\SYSTEM32\windows.storage.dll
0x00007ffbddc10000 - 0x00007ffbddf65000 	C:\WINDOWS\System32\combase.dll
0x00007ffbdb420000 - 0x00007ffbdb44e000 	C:\WINDOWS\SYSTEM32\Wldp.dll
0x00007ffbdd5d0000 - 0x00007ffbdd67d000 	C:\WINDOWS\System32\SHCORE.dll
0x00007ffbdd850000 - 0x00007ffbdd8a5000 	C:\WINDOWS\System32\shlwapi.dll
0x00007ffbdb9f0000 - 0x00007ffbdba0f000 	C:\WINDOWS\SYSTEM32\profapi.dll
0x0000000057430000 - 0x000000005744a000 	C:\Program Files\Java\jdk1.8.0_181\jre\bin\net.dll
0x00007ffbdb200000 - 0x00007ffbdb26a000 	C:\WINDOWS\system32\mswsock.dll
0x00007ffbdaf00000 - 0x00007ffbdafcb000 	C:\WINDOWS\SYSTEM32\DNSAPI.dll
0x00007ffbdaec0000 - 0x00007ffbdaefb000 	C:\WINDOWS\SYSTEM32\IPHLPAPI.DLL
0x00007ffbdc5f0000 - 0x00007ffbdc5f8000 	C:\WINDOWS\System32\NSI.dll
0x00007ffbd2960000 - 0x00007ffbd296a000 	C:\Windows\System32\rasadhlp.dll
0x00007ffbcdb40000 - 0x00007ffbcdbbf000 	C:\WINDOWS\System32\fwpuclnt.dll
0x00007ffbdbb30000 - 0x00007ffbdbb57000 	C:\WINDOWS\System32\bcrypt.dll
0x00007ffbdb760000 - 0x00007ffbdb778000 	C:\WINDOWS\SYSTEM32\CRYPTSP.dll
0x00007ffbdab30000 - 0x00007ffbdab64000 	C:\WINDOWS\system32\rsaenh.dll
0x00007ffbdb970000 - 0x00007ffbdb99e000 	C:\WINDOWS\SYSTEM32\USERENV.dll
0x00007ffbdbfe0000 - 0x00007ffbdc063000 	C:\WINDOWS\System32\bcryptprimitives.dll
0x00007ffbdb390000 - 0x00007ffbdb39c000 	C:\WINDOWS\SYSTEM32\CRYPTBASE.dll
0x00007ffbce8e0000 - 0x00007ffbce8f7000 	C:\WINDOWS\SYSTEM32\dhcpcsvc6.DLL
0x00007ffbce8c0000 - 0x00007ffbce8dd000 	C:\WINDOWS\SYSTEM32\dhcpcsvc.DLL
0x0000000057410000 - 0x0000000057421000 	C:\Program Files\Java\jdk1.8.0_181\jre\bin\nio.dll

VM Arguments:
jvm_args: -Xss1024K -Xmx1024M -XX:MaxPermSize=256M 
java_command: com.google.gwt.dev.CompilePermsServer -host localhost -port 50907 -logLevel INFO -cookie 7BEF68A016FA26353FD8FC4A67AF1C3D
java_class_path (initial): D:\Projects\Planet\Tela Version 2\telamanagementapp\target\tela\WEB-INF\classes;D:\Projects\Planet\Tela Version 2\telamanagementapp\src\main\java;D:\Projects\Planet\Tela Version 2\telamanagementapp\target\generated-sources\gwt;C:\Users\Swizima\.m2\repository\com\google\gwt\gwt-user\2.7.0\gwt-user-2.7.0.jar;C:\Users\Swizima\.m2\repository\javax\validation\validation-api\1.0.0.GA\validation-api-1.0.0.GA.jar;C:\Users\Swizima\.m2\repository\javax\validation\validation-api\1.0.0.GA\validation-api-1.0.0.GA-sources.jar;C:\Users\Swizima\.m2\repository\com\google\gwt\gwt-dev\2.7.0\gwt-dev-2.7.0.jar;C:\Users\Swizima\.m2\repository\org\ow2\asm\asm\5.0.3\asm-5.0.3.jar;C:\Users\Swizima\.m2\repository\org\ow2\asm\asm-util\5.0.3\asm-util-5.0.3.jar;C:\Users\Swizima\.m2\repository\org\ow2\asm\asm-tree\5.0.3\asm-tree-5.0.3.jar;C:\Users\Swizima\.m2\repository\org\ow2\asm\asm-commons\5.0.3\asm-commons-5.0.3.jar;C:\Users\Swizima\.m2\repository\com\gwtplatform\gwtp-mvp-client\1.6\gwtp-mvp-client-1.6.jar;C:\Users\Swizima\.m2\repository\com\gwtplatform\gwtp-clients-common\1.6\gwtp-clients-common-1.6.jar;C:\Users\Swizima\.m2\repository\com\gwtplatform\gwtp-mvp-shared\1.6\gwtp-mvp-shared-1.6.jar;C:\Users\Swizima\.m2\repository\org\apache\velocity\velocity\1.7\velocity-1.7.jar;C:\Users\Swizima\.m2\repository\commons-collections\commons-collections\3.2.1\commons-collections-3.2.1.jar;C:\Users\Swizima\.m2\repository\commons-lang\commons-lang\2.4\commons-lang-2.4.jar;C:\Users\Swizima\.m2\repository\com\google\code\findbugs\jsr305\3.0.1\jsr305-3.0.1.jar;C:\Users\Swizima\.m2\repository\com\gwtplatform\gwtp-dispatch-rpc-client\1.6\gwtp-dispatch-rpc-client-1.6.jar;C:\Users\Swizima\.m2\repository\com\gwtplatform\gwtp-dispatch-common-client\1.6\gwtp-dispatch-common-client-1.6.jar;C:\Users\Swizima\.m2\repository\com\gwtplatform\gwtp-dispatch-rpc-server-guice\1.6\gwtp-dispatch-rpc-server-guice-1.6.jar;C:\Users\Swizima\.m2\repository\com\gwtplatform\gwtp-dispatch-rpc-server\1
Launcher Type: SUN_STANDARD

Environment Variables:
JAVA_HOME=C:\Program Files\Java\jdk-11.0.9
PATH=C:/Program Files/Java/jre1.8.0_181/bin/server;C:/Program Files/Java/jre1.8.0_181/bin;C:/Program Files/Java/jre1.8.0_181/lib/amd64;C:\Python39\Scripts\;C:\Python39\;C:\Program Files\Common Files\Oracle\Java\javapath;C:\Program Files (x86)\Common Files\Oracle\Java\javapath;C:\WINDOWS\system32;C:\WINDOWS;C:\WINDOWS\System32\Wbem;C:\WINDOWS\System32\WindowsPowerShell\v1.0\;C:\Program Files\Git\cmd;C:\Program Files\Java\jdk1.8.0_181;D:\Programs\ANT\apache-ant-1.10.9\bin;C:\Program Files\nodejs\;C:\ProgramData\chocolatey\bin;C:\xampp\php;C:\ProgramData\ComposerSetup\bin;C:\WINDOWS\System32\OpenSSH\;C:\Program Files (x86)\Tailscale IPN;D:\Programs\apache-maven-3.8.4-bin\apache-maven-3.8.4\bin;;C:\Program Files\MySQL\MySQL Utilities 1.6\;C:\Program Files\Docker\Docker\resources\bin;C:\ProgramData\DockerDesktop\version-bin;C:\Program Files\MySQL\MySQL Shell 8.0\bin\;C:\Users\Swizima\AppData\Local\Microsoft\WindowsApps;C:\Users\Swizima\AppData\Local\Programs\Microsoft VS Code\bin;C:\Users\Swizima\AppData\Roaming\npm;C:\Users\Swizima\AppData\Roaming\Composer\vendor\bin;C:\Users\Swizima\AppData\Local\atom\bin;%USERPROFILE%\AppData\Local\Microsoft\WindowsApps;;C:\eclipse-jee-oxygen-3a-win32-x86_64\eclipse;
USERNAME=Swizima
OS=Windows_NT
PROCESSOR_IDENTIFIER=Intel64 Family 6 Model 69 Stepping 1, GenuineIntel



---------------  S Y S T E M  ---------------

OS: Windows 10.0 , 64 bit Build 19041 (10.0.19041.1348)

CPU:total 4 (initial active 4) (2 cores per cpu, 2 threads per core) family 6 model 69 stepping 1, cmov, cx8, fxsr, mmx, sse, sse2, sse3, ssse3, sse4.1, sse4.2, popcnt, avx, avx2, aes, clmul, erms, lzcnt, ht, tsc, tscinvbit, bmi1, bmi2

Memory: 4k page, physical 8067548k(207764k free), swap 33233372k(32660k free)

vm_info: Java HotSpot(TM) 64-Bit Server VM (25.181-b13) for windows-amd64 JRE (1.8.0_181-b13), built on Jul  7 2018 04:01:33 by "java_re" with MS VC++ 10.0 (VS2010)

time: Tue Jun 07 08:03:22 2022
elapsed time: 47 seconds (0d 0h 0m 47s)

